<?xml version="1.0" encoding="UTF-8"?>
<testsuite xmlns:xsi="http://www.w3.org/2001/XMLSchema-instance" xsi:noNamespaceSchemaLocation="https://maven.apache.org/surefire/maven-surefire-plugin/xsd/surefire-test-report-3.0.xsd" version="3.0" name="com.goncalves.API.ApiApplicationTests" time="6.499" tests="1" errors="0" skipped="0" failures="0">
  <properties>
[...]
</properties>
  <testcase name="contextLoads" classname="com.goncalves.API.ApiApplicationTests" time="1.421">
    <system-out><![CDATA[23:44:20.283 [main] INFO org.springframework.test.context.support.AnnotationConfigContextLoaderUtils -- Could not detect default configuration classes for test class [com.goncalves.API.ApiApplicationTests]: ApiApplicationTests does not declare any static, non-private, non-final, nested classes annotated with @Configuration.
23:44:20.462 [main] INFO org.springframework.boot.test.context.SpringBootTestContextBootstrapper -- Found @SpringBootConfiguration com.goncalves.API.ApiApplication for test class com.goncalves.API.ApiApplicationTests

  .   ____          _            __ _ _
 /\\ / ___'_ __ _ _(_)_ __  __ _ \ \ \ \
( ( )\___ | '_ | '_| | '_ \/ _` | \ \ \ \
 \\/  ___)| |_)| | | | | || (_| |  ) ) ) )
  '  |____| .__|_| |_|_| |_\__, | / / / /
 =========|_|==============|___/=/_/_/_/
 :: Spring Boot ::                (v3.2.0)

2024-01-13T23:44:21.150-03:00  INFO 10732 --- [           main] com.goncalves.API.ApiApplicationTests    : Starting ApiApplicationTests using Java 21 with PID 10732 (started by Ryzen 7 in C:\Users\Ryzen 7\Desktop\Maintenance-control\backend\API)
2024-01-13T23:44:21.154-03:00  INFO 10732 --- [           main] com.goncalves.API.ApiApplicationTests    : No active profile set, falling back to 1 default profile: "default"
2024-01-13T23:44:22.395-03:00  INFO 10732 --- [           main] .s.d.r.c.RepositoryConfigurationDelegate : Bootstrapping Spring Data MongoDB repositories in DEFAULT mode.
2024-01-13T23:44:22.493-03:00  INFO 10732 --- [           main] .s.d.r.c.RepositoryConfigurationDelegate : Finished Spring Data repository scanning in 90 ms. Found 2 MongoDB repository interfaces.
2024-01-13T23:44:23.330-03:00  INFO 10732 --- [           main] org.mongodb.driver.client                : MongoClient with metadata {"driver": {"name": "mongo-java-driver|sync|spring-boot", "version": "4.11.1"}, "os": {"type": "Windows", "name": "Windows 10", "architecture": "amd64", "version": "10.0"}, "platform": "Java/Oracle Corporation/21+35-2513"} created with settings MongoClientSettings{readPreference=primary, writeConcern=WriteConcern{w=null, wTimeout=null ms, journal=null}, retryWrites=true, retryReads=true, readConcern=ReadConcern{level=null}, credential=null, transportSettings=null, streamFactoryFactory=null, commandListeners=[], codecRegistry=ProvidersCodecRegistry{codecProviders=[ValueCodecProvider{}, BsonValueCodecProvider{}, DBRefCodecProvider{}, DBObjectCodecProvider{}, DocumentCodecProvider{}, CollectionCodecProvider{}, IterableCodecProvider{}, MapCodecProvider{}, GeoJsonCodecProvider{}, GridFSFileCodecProvider{}, Jsr310CodecProvider{}, JsonObjectCodecProvider{}, BsonCodecProvider{}, EnumCodecProvider{}, com.mongodb.client.model.mql.ExpressionCodecProvider@7ea2412c, com.mongodb.Jep395RecordCodecProvider@1c93b51e, com.mongodb.KotlinCodecProvider@7c0f28f8]}, loggerSettings=LoggerSettings{maxDocumentLength=1000}, clusterSettings={hosts=[localhost:27017], srvServiceName=mongodb, mode=SINGLE, requiredClusterType=UNKNOWN, requiredReplicaSetName='null', serverSelector='null', clusterListeners='[]', serverSelectionTimeout='30000 ms', localThreshold='15 ms'}, socketSettings=SocketSettings{connectTimeoutMS=10000, readTimeoutMS=0, receiveBufferSize=0, proxySettings=ProxySettings{host=null, port=null, username=null, password=null}}, heartbeatSocketSettings=SocketSettings{connectTimeoutMS=10000, readTimeoutMS=10000, receiveBufferSize=0, proxySettings=ProxySettings{host=null, port=null, username=null, password=null}}, connectionPoolSettings=ConnectionPoolSettings{maxSize=100, minSize=0, maxWaitTimeMS=120000, maxConnectionLifeTimeMS=0, maxConnectionIdleTimeMS=0, maintenanceInitialDelayMS=0, maintenanceFrequencyMS=60000, connectionPoolListeners=[], maxConnecting=2}, serverSettings=ServerSettings{heartbeatFrequencyMS=10000, minHeartbeatFrequencyMS=500, serverListeners='[]', serverMonitorListeners='[]'}, sslSettings=SslSettings{enabled=false, invalidHostNameAllowed=false, context=null}, applicationName='null', compressorList=[], uuidRepresentation=JAVA_LEGACY, serverApi=null, autoEncryptionSettings=null, dnsClient=null, inetAddressResolver=null, contextProvider=null}
2024-01-13T23:44:23.392-03:00  INFO 10732 --- [localhost:27017] org.mongodb.driver.cluster               : Monitor thread successfully connected to server with description ServerDescription{address=localhost:27017, type=STANDALONE, state=CONNECTED, ok=true, minWireVersion=0, maxWireVersion=21, maxDocumentSize=16777216, logicalSessionTimeoutMinutes=30, roundTripTimeNanos=40142000}
2024-01-13T23:44:24.627-03:00  INFO 10732 --- [           main] o.s.s.web.DefaultSecurityFilterChain     : Will secure any request with [org.springframework.security.web.session.DisableEncodeUrlFilter@b5312df, org.springframework.security.web.context.request.async.WebAsyncManagerIntegrationFilter@4300e240, org.springframework.security.web.context.SecurityContextHolderFilter@4438b862, org.springframework.security.web.header.HeaderWriterFilter@786a3477, org.springframework.web.filter.CorsFilter@5f409872, org.springframework.security.web.authentication.logout.LogoutFilter@21a6a494, com.goncalves.API.infra.security.SecurityFilter@547aaa32, org.springframework.security.web.savedrequest.RequestCacheAwareFilter@44fb6ebd, org.springframework.security.web.servletapi.SecurityContextHolderAwareRequestFilter@5da57a64, org.springframework.security.web.authentication.AnonymousAuthenticationFilter@472c9f88, org.springframework.security.web.session.SessionManagementFilter@35dcd032, org.springframework.security.web.access.ExceptionTranslationFilter@1b4a3a1, org.springframework.security.web.access.intercept.AuthorizationFilter@46b5f061]
2024-01-13T23:44:25.056-03:00  INFO 10732 --- [           main] com.goncalves.API.ApiApplicationTests    : Started ApiApplicationTests in 4.295 seconds (process running for 6.082)
]]></system-out>
    <system-err><![CDATA[WARNING: A Java agent has been loaded dynamically (C:\Users\Ryzen 7\.m2\repository\net\bytebuddy\byte-buddy-agent\1.14.10\byte-buddy-agent-1.14.10.jar)
WARNING: If a serviceability tool is in use, please run with -XX:+EnableDynamicAgentLoading to hide this warning
WARNING: If a serviceability tool is not in use, please run with -Djdk.instrument.traceUsage for more information
WARNING: Dynamic loading of agents will be disallowed by default in a future release
]]></system-err>
  </testcase>
</testsuite>